Release 14.7 - xst P.20131013 (lin64)
Copyright (c) 1995-2013 Xilinx, Inc.  All rights reserved.
--> 
Parameter TMPDIR set to xst/projnav.tmp


Total REAL time to Xst completion: 0.00 secs
Total CPU time to Xst completion: 0.03 secs
 
--> 
Parameter xsthdpdir set to xst


Total REAL time to Xst completion: 0.00 secs
Total CPU time to Xst completion: 0.03 secs
 
--> 
Reading design: display_7_seg.prj

TABLE OF CONTENTS
  1) Synthesis Options Summary
  2) HDL Parsing
  3) HDL Elaboration
  4) HDL Synthesis
       4.1) HDL Synthesis Report
  5) Advanced HDL Synthesis
       5.1) Advanced HDL Synthesis Report
  6) Low Level Synthesis
  7) Partition Report
  8) Design Summary
       8.1) Primitive and Black Box Usage
       8.2) Device utilization summary
       8.3) Partition Resource Summary
       8.4) Timing Report
            8.4.1) Clock Information
            8.4.2) Asynchronous Control Signals Information
            8.4.3) Timing Summary
            8.4.4) Timing Details
            8.4.5) Cross Clock Domains Report


=========================================================================
*                      Synthesis Options Summary                        *
=========================================================================
---- Source Parameters
Input File Name                    : "display_7_seg.prj"
Ignore Synthesis Constraint File   : NO

---- Target Parameters
Output File Name                   : "display_7_seg"
Output Format                      : NGC
Target Device                      : xc6slx9-2-tqg144

---- Source Options
Top Module Name                    : display_7_seg
Automatic FSM Extraction           : YES
FSM Encoding Algorithm             : Auto
Safe Implementation                : No
FSM Style                          : LUT
RAM Extraction                     : Yes
RAM Style                          : Auto
ROM Extraction                     : Yes
Shift Register Extraction          : YES
ROM Style                          : Auto
Resource Sharing                   : YES
Asynchronous To Synchronous        : NO
Shift Register Minimum Size        : 2
Use DSP Block                      : Auto
Automatic Register Balancing       : No

---- Target Options
LUT Combining                      : Auto
Reduce Control Sets                : Auto
Add IO Buffers                     : YES
Global Maximum Fanout              : 100000
Add Generic Clock Buffer(BUFG)     : 16
Register Duplication               : YES
Optimize Instantiated Primitives   : NO
Use Clock Enable                   : Auto
Use Synchronous Set                : Auto
Use Synchronous Reset              : Auto
Pack IO Registers into IOBs        : Auto
Equivalent register Removal        : YES

---- General Options
Optimization Goal                  : Speed
Optimization Effort                : 1
Power Reduction                    : NO
Keep Hierarchy                     : No
Netlist Hierarchy                  : As_Optimized
RTL Output                         : Yes
Global Optimization                : AllClockNets
Read Cores                         : YES
Write Timing Constraints           : NO
Cross Clock Analysis               : NO
Hierarchy Separator                : /
Bus Delimiter                      : <>
Case Specifier                     : Maintain
Slice Utilization Ratio            : 100
BRAM Utilization Ratio             : 100
DSP48 Utilization Ratio            : 100
Auto BRAM Packing                  : NO
Slice Utilization Ratio Delta      : 5

=========================================================================


=========================================================================
*                          HDL Parsing                                  *
=========================================================================
Analyzing Verilog file "/home/josh/ComArch/FPGA_Study/Verilog_files/sevseg_display/decoder_sevseg.v" into library work
Parsing module <decoder_sevseg>.
Analyzing Verilog file "/home/josh/ComArch/FPGA_Study/Verilog_files/debounced_multipluxed_sevseg/display_7_seg.v" into library work
Parsing module <display_7_seg>.

=========================================================================
*                            HDL Elaboration                            *
=========================================================================

Elaborating module <display_7_seg>.

Elaborating module <decoder_sevseg>.

=========================================================================
*                           HDL Synthesis                               *
=========================================================================

Synthesizing Unit <display_7_seg>.
    Related source file is "/home/josh/ComArch/FPGA_Study/Verilog_files/debounced_multipluxed_sevseg/display_7_seg.v".
    Found 3-bit register for signal <digit_posn>.
    Found 4-bit register for signal <digit_data>.
    Found 4-bit register for signal <DIGIT>.
    Found 24-bit register for signal <prescaler>.
    Found 24-bit adder for signal <prescaler[23]_GND_1_o_add_1_OUT> created at line 36.
    Found 3-bit adder for signal <digit_posn[2]_GND_1_o_add_3_OUT> created at line 39.
    Found 4x4-bit Read Only RAM for signal <_n0053>
    Found 4-bit 4-to-1 multiplexer for signal <_n0051> created at line 52.
    Found 24-bit comparator greater for signal <n0001> created at line 37
    Summary:
	inferred   1 RAM(s).
	inferred   2 Adder/Subtractor(s).
	inferred  35 D-type flip-flop(s).
	inferred   1 Comparator(s).
	inferred   1 Multiplexer(s).
Unit <display_7_seg> synthesized.

Synthesizing Unit <decoder_sevseg>.
    Related source file is "/home/josh/ComArch/FPGA_Study/Verilog_files/sevseg_display/decoder_sevseg.v".
    Found 8-bit register for signal <SEG>.
    Found 16x8-bit Read Only RAM for signal <D[3]_PWR_2_o_wide_mux_1_OUT>
    Summary:
	inferred   1 RAM(s).
	inferred   8 D-type flip-flop(s).
Unit <decoder_sevseg> synthesized.

=========================================================================
HDL Synthesis Report

Macro Statistics
# RAMs                                                 : 2
 16x8-bit single-port Read Only RAM                    : 1
 4x4-bit single-port Read Only RAM                     : 1
# Adders/Subtractors                                   : 2
 24-bit adder                                          : 1
 3-bit adder                                           : 1
# Registers                                            : 5
 24-bit register                                       : 1
 3-bit register                                        : 1
 4-bit register                                        : 2
 8-bit register                                        : 1
# Comparators                                          : 1
 24-bit comparator greater                             : 1
# Multiplexers                                         : 1
 4-bit 4-to-1 multiplexer                              : 1

=========================================================================

=========================================================================
*                       Advanced HDL Synthesis                          *
=========================================================================


Synthesizing (advanced) Unit <decoder_sevseg>.
INFO:Xst:3231 - The small RAM <Mram_D[3]_PWR_2_o_wide_mux_1_OUT> will be implemented on LUTs in order to maximize performance and save block RAM resources. If you want to force its implementation on block, use option/constraint ram_style.
    -----------------------------------------------------------------------
    | ram_type           | Distributed                         |          |
    -----------------------------------------------------------------------
    | Port A                                                              |
    |     aspect ratio   | 16-word x 8-bit                     |          |
    |     weA            | connected to signal <GND>           | high     |
    |     addrA          | connected to signal <D>             |          |
    |     diA            | connected to signal <GND>           |          |
    |     doA            | connected to internal node          |          |
    -----------------------------------------------------------------------
Unit <decoder_sevseg> synthesized (advanced).

Synthesizing (advanced) Unit <display_7_seg>.
The following registers are absorbed into counter <prescaler>: 1 register on signal <prescaler>.
The following registers are absorbed into counter <digit_posn>: 1 register on signal <digit_posn>.
INFO:Xst:3231 - The small RAM <Mram__n0053> will be implemented on LUTs in order to maximize performance and save block RAM resources. If you want to force its implementation on block, use option/constraint ram_style.
    -----------------------------------------------------------------------
    | ram_type           | Distributed                         |          |
    -----------------------------------------------------------------------
    | Port A                                                              |
    |     aspect ratio   | 4-word x 4-bit                      |          |
    |     weA            | connected to signal <GND>           | high     |
    |     addrA          | connected to signal <digit_posn<1:0>> |          |
    |     diA            | connected to signal <GND>           |          |
    |     doA            | connected to internal node          |          |
    -----------------------------------------------------------------------
Unit <display_7_seg> synthesized (advanced).

=========================================================================
Advanced HDL Synthesis Report

Macro Statistics
# RAMs                                                 : 2
 16x8-bit single-port distributed Read Only RAM        : 1
 4x4-bit single-port distributed Read Only RAM         : 1
# Counters                                             : 2
 24-bit up counter                                     : 1
 3-bit up counter                                      : 1
# Registers                                            : 16
 Flip-Flops                                            : 16
# Comparators                                          : 1
 24-bit comparator greater                             : 1
# Multiplexers                                         : 1
 4-bit 4-to-1 multiplexer                              : 1

=========================================================================

=========================================================================
*                         Low Level Synthesis                           *
=========================================================================
WARNING:Xst:1710 - FF/Latch <SEG_0> (without init value) has a constant value of 1 in block <decoder_sevseg>. This FF/Latch will be trimmed during the optimization process.

Optimizing unit <display_7_seg> ...

Optimizing unit <decoder_sevseg> ...
WARNING:Xst:1710 - FF/Latch <prescaler_16> (without init value) has a constant value of 0 in block <display_7_seg>. This FF/Latch will be trimmed during the optimization process.
WARNING:Xst:1895 - Due to other FF/Latch trimming, FF/Latch <prescaler_17> (without init value) has a constant value of 0 in block <display_7_seg>. This FF/Latch will be trimmed during the optimization process.
WARNING:Xst:1895 - Due to other FF/Latch trimming, FF/Latch <prescaler_18> (without init value) has a constant value of 0 in block <display_7_seg>. This FF/Latch will be trimmed during the optimization process.
WARNING:Xst:1895 - Due to other FF/Latch trimming, FF/Latch <prescaler_19> (without init value) has a constant value of 0 in block <display_7_seg>. This FF/Latch will be trimmed during the optimization process.
WARNING:Xst:1895 - Due to other FF/Latch trimming, FF/Latch <prescaler_20> (without init value) has a constant value of 0 in block <display_7_seg>. This FF/Latch will be trimmed during the optimization process.
WARNING:Xst:1895 - Due to other FF/Latch trimming, FF/Latch <prescaler_21> (without init value) has a constant value of 0 in block <display_7_seg>. This FF/Latch will be trimmed during the optimization process.
WARNING:Xst:1895 - Due to other FF/Latch trimming, FF/Latch <prescaler_22> (without init value) has a constant value of 0 in block <display_7_seg>. This FF/Latch will be trimmed during the optimization process.
WARNING:Xst:1895 - Due to other FF/Latch trimming, FF/Latch <prescaler_23> (without init value) has a constant value of 0 in block <display_7_seg>. This FF/Latch will be trimmed during the optimization process.

Mapping all equations...
Building and optimizing final netlist ...
Found area constraint ratio of 100 (+ 5) on block display_7_seg, actual ratio is 0.
FlipFlop prescaler_14 has been replicated 1 time(s)
FlipFlop prescaler_15 has been replicated 1 time(s)

Final Macro Processing ...

=========================================================================
Final Register Report

Macro Statistics
# Registers                                            : 36
 Flip-Flops                                            : 36

=========================================================================

=========================================================================
*                           Partition Report                            *
=========================================================================

Partition Implementation Status
-------------------------------

  No Partitions were found in this design.

-------------------------------

=========================================================================
*                            Design Summary                             *
=========================================================================

Top Level Output File Name         : display_7_seg.ngc

Primitive and Black Box Usage:
------------------------------
# BELS                             : 96
#      GND                         : 1
#      INV                         : 1
#      LUT1                        : 15
#      LUT2                        : 1
#      LUT4                        : 13
#      LUT5                        : 17
#      LUT6                        : 16
#      MUXCY                       : 15
#      VCC                         : 1
#      XORCY                       : 16
# FlipFlops/Latches                : 36
#      FD                          : 32
#      FDE                         : 4
# Clock Buffers                    : 1
#      BUFGP                       : 1
# IO Buffers                       : 28
#      IBUF                        : 16
#      OBUF                        : 12

Device utilization summary:
---------------------------

Selected Device : 6slx9tqg144-2 


Slice Logic Utilization: 
 Number of Slice Registers:              36  out of  11440     0%  
 Number of Slice LUTs:                   63  out of   5720     1%  
    Number used as Logic:                63  out of   5720     1%  

Slice Logic Distribution: 
 Number of LUT Flip Flop pairs used:     65
   Number with an unused Flip Flop:      29  out of     65    44%  
   Number with an unused LUT:             2  out of     65     3%  
   Number of fully used LUT-FF pairs:    34  out of     65    52%  
   Number of unique control sets:         2

IO Utilization: 
 Number of IOs:                          29
 Number of bonded IOBs:                  29  out of    102    28%  

Specific Feature Utilization:
 Number of BUFG/BUFGCTRLs:                1  out of     16     6%  

---------------------------
Partition Resource Summary:
---------------------------

  No Partitions were found in this design.

---------------------------


=========================================================================
Timing Report

NOTE: THESE TIMING NUMBERS ARE ONLY A SYNTHESIS ESTIMATE.
      FOR ACCURATE TIMING INFORMATION PLEASE REFER TO THE TRACE REPORT
      GENERATED AFTER PLACE-and-ROUTE.

Clock Information:
------------------
-----------------------------------+------------------------+-------+
Clock Signal                       | Clock buffer(FF name)  | Load  |
-----------------------------------+------------------------+-------+
CLK                                | BUFGP                  | 36    |
-----------------------------------+------------------------+-------+

Asynchronous Control Signals Information:
----------------------------------------
No asynchronous control signals found in this design

Timing Summary:
---------------
Speed Grade: -2

   Minimum period: 3.455ns (Maximum Frequency: 289.436MHz)
   Minimum input arrival time before clock: 3.938ns
   Maximum output required time after clock: 4.202ns
   Maximum combinational path delay: No path found

Timing Details:
---------------
All values displayed in nanoseconds (ns)

=========================================================================
Timing constraint: Default period analysis for Clock 'CLK'
  Clock period: 3.455ns (frequency: 289.436MHz)
  Total number of paths / destination ports: 585 / 40
-------------------------------------------------------------------------
Delay:               3.455ns (Levels of Logic = 2)
  Source:            prescaler_7 (FF)
  Destination:       digit_data_0 (FF)
  Source Clock:      CLK rising
  Destination Clock: CLK rising

  Data Path: prescaler_7 to digit_data_0
                                Gate     Net
    Cell:in->out      fanout   Delay   Delay  Logical Name (Net Name)
    ----------------------------------------  ------------
     FD:C->Q               3   0.525   1.221  prescaler_7 (prescaler_7)
     LUT6:I0->O           14   0.254   1.127  n000131 (n00013)
     LUT5:I4->O            1   0.254   0.000  prescaler_0_rstpot (prescaler_0_rstpot)
     FD:D                      0.074          prescaler_0
    ----------------------------------------
    Total                      3.455ns (1.107ns logic, 2.348ns route)
                                       (32.0% logic, 68.0% route)

=========================================================================
Timing constraint: Default OFFSET IN BEFORE for Clock 'CLK'
  Total number of paths / destination ports: 16 / 4
-------------------------------------------------------------------------
Offset:              3.938ns (Levels of Logic = 3)
  Source:            units<0> (PAD)
  Destination:       digit_data_0 (FF)
  Destination Clock: CLK rising

  Data Path: units<0> to digit_data_0
                                Gate     Net
    Cell:in->out      fanout   Delay   Delay  Logical Name (Net Name)
    ----------------------------------------  ------------
     IBUF:I->O             1   1.328   1.137  units_0_IBUF (units_0_IBUF)
     LUT6:I0->O            1   0.254   0.910  Mmux__n005111 (_n0051<0>)
     LUT6:I3->O            1   0.235   0.000  digit_data_0_dpot (digit_data_0_dpot)
     FDE:D                     0.074          digit_data_0
    ----------------------------------------
    Total                      3.938ns (1.891ns logic, 2.047ns route)
                                       (48.0% logic, 52.0% route)

=========================================================================
Timing constraint: Default OFFSET OUT AFTER for Clock 'CLK'
  Total number of paths / destination ports: 11 / 11
-------------------------------------------------------------------------
Offset:              4.202ns (Levels of Logic = 1)
  Source:            DIGIT_3 (FF)
  Destination:       DIGIT<3> (PAD)
  Source Clock:      CLK rising

  Data Path: DIGIT_3 to DIGIT<3>
                                Gate     Net
    Cell:in->out      fanout   Delay   Delay  Logical Name (Net Name)
    ----------------------------------------  ------------
     FD:C->Q               3   0.525   0.765  DIGIT_3 (DIGIT_3)
     OBUF:I->O                 2.912          DIGIT_3_OBUF (DIGIT<3>)
    ----------------------------------------
    Total                      4.202ns (3.437ns logic, 0.765ns route)
                                       (81.8% logic, 18.2% route)

=========================================================================

Cross Clock Domains Report:
--------------------------

Clock to Setup on destination clock CLK
---------------+---------+---------+---------+---------+
               | Src:Rise| Src:Fall| Src:Rise| Src:Fall|
Source Clock   |Dest:Rise|Dest:Rise|Dest:Fall|Dest:Fall|
---------------+---------+---------+---------+---------+
CLK            |    3.455|         |         |         |
---------------+---------+---------+---------+---------+

=========================================================================


Total REAL time to Xst completion: 4.00 secs
Total CPU time to Xst completion: 3.67 secs
 
--> 


Total memory usage is 386572 kilobytes

Number of errors   :    0 (   0 filtered)
Number of warnings :    9 (   0 filtered)
Number of infos    :    2 (   0 filtered)

