Command line:
   stimulus_isim_beh.exe
     -simmode  gui
     -simrunnum  0
     -socket  34383

Sat Mar 10 22:49:57 2018


 Elaboration Time: 0.02 sec

 Current Memory Usage: 240.177 Meg

 Total Signals          : 22
 Total Nets             : 20
 Total Signal Drivers   : 12
 Total Blocks           : 3
 Total Primitive Blocks : 2
 Total Processes        : 16
 Total Traceable Variables  : 21
 Total Scalar Nets and Variables : 103
Total Line Count : 26

 Total Simulation Time: 0.3 sec

 Current Memory Usage: 315.679 Meg

Sat Mar 10 22:51:36 2018

