Command line:
   upcount_isim_beh.exe
     -simmode  gui
     -simrunnum  0
     -socket  52805

Tue Mar  6 16:15:16 2018


 Elaboration Time: 0.02 sec

 Current Memory Usage: 240.177 Meg

 Total Signals          : 14
 Total Nets             : 18
 Total Signal Drivers   : 6
 Total Blocks           : 2
 Total Primitive Blocks : 2
 Total Processes        : 8
 Total Traceable Variables  : 19
 Total Scalar Nets and Variables : 102
Total Line Count : 18

 Total Simulation Time: 0.02 sec

 Current Memory Usage: 315.679 Meg

Tue Mar  6 16:15:27 2018

