Command line:
   stimulus_isim_beh.exe
     -simmode  gui
     -simrunnum  0
     -socket  56029

Fri Mar  9 20:05:22 2018


 Elaboration Time: 0.02 sec

 Current Memory Usage: 240.177 Meg

 Total Signals          : 15
 Total Nets             : 18
 Total Signal Drivers   : 7
 Total Blocks           : 3
 Total Primitive Blocks : 2
 Total Processes        : 12
 Total Traceable Variables  : 20
 Total Scalar Nets and Variables : 103
Total Line Count : 24

 Total Simulation Time: 0.04 sec

 Current Memory Usage: 315.679 Meg

Fri Mar  9 20:05:53 2018

