Running: /opt/Xilinx/14.7/ISE_DS/ISE/bin/lin64/unwrapped/fuse -intstyle ise -incremental -lib unisims_ver -lib unimacro_ver -lib xilinxcorelib_ver -lib secureip -o /home/josh/ComArch/FPGA_Study/Verilog_files/DFF/stimulus_isim_beh.exe -prj /home/josh/ComArch/FPGA_Study/Verilog_files/DFF/stimulus_beh.prj work.stimulus work.glbl 
ISim P.20131013 (signature 0xfbc00daa)
Number of CPUs detected in this system: 8
Turning on mult-threading, number of parallel sub-compilation jobs: 16 
Determining compilation order of HDL files
Analyzing Verilog file "/home/josh/ComArch/FPGA_Study/Verilog_files/DFF/DFF.v" into library work
Analyzing Verilog file "/home/josh/ComArch/FPGA_Study/Verilog_files/DFF/stimulus.v" into library work
Analyzing Verilog file "/opt/Xilinx/14.7/ISE_DS/ISE//verilog/src/glbl.v" into library work
Starting static elaboration
Completed static elaboration
Fuse Memory Usage: 94672 KB
Fuse CPU Usage: 970 ms
Compiling module DFF
Compiling module stimulus
Compiling module glbl
Time Resolution for simulation is 1ps.
Waiting for 1 sub-compilation(s) to finish...
Compiled 3 Verilog Units
Built simulation executable /home/josh/ComArch/FPGA_Study/Verilog_files/DFF/stimulus_isim_beh.exe
Fuse Memory Usage: 1179144 KB
Fuse CPU Usage: 990 ms
GCC CPU Usage: 170 ms
