Command line:
   DFF_isim_beh.exe
     -simmode  gui
     -simrunnum  0
     -socket  53595

Sat Mar 10 22:49:48 2018


 Elaboration Time: 0.01 sec

 Current Memory Usage: 240.177 Meg

 Total Signals          : 20
 Total Nets             : 20
 Total Signal Drivers   : 10
 Total Blocks           : 2
 Total Primitive Blocks : 2
 Total Processes        : 11
 Total Traceable Variables  : 18
 Total Scalar Nets and Variables : 100
Total Line Count : 14

 Total Simulation Time: 0.02 sec

 Current Memory Usage: 315.679 Meg

Sat Mar 10 22:49:51 2018

